{"/Users/molotov_air/development/web/sp/__fixtures__/expected.js": {"path":"/Users/molotov_air/development/web/sp/__fixtures__/expected.js","statementMap":{"0":{"start":{"line":1,"column":14},"end":{"line":8,"column":2}},"1":{"start":{"line":10,"column":14},"end":{"line":10,"column":19}}},"fnMap":{},"branchMap":{},"s":{"0":1,"1":1},"f":{},"b":{},"_coverageSchema":"1a1c01bbd47fc00a2c39e90264f33305004495a9","hash":"12f357dd9f0db897dbd39948486eaeaae4d031f4"}
,"/Users/molotov_air/development/web/sp/src/getData.js": {"path":"/Users/molotov_air/development/web/sp/src/getData.js","statementMap":{"0":{"start":{"line":3,"column":20},"end":{"line":11,"column":1}},"1":{"start":{"line":5,"column":2},"end":{"line":10,"column":3}},"2":{"start":{"line":6,"column":4},"end":{"line":6,"column":24}},"3":{"start":{"line":7,"column":4},"end":{"line":7,"column":16}},"4":{"start":{"line":9,"column":4},"end":{"line":9,"column":17}},"5":{"start":{"line":13,"column":20},"end":{"line":13,"column":72}},"6":{"start":{"line":13,"column":30},"end":{"line":13,"column":72}},"7":{"start":{"line":15,"column":19},"end":{"line":15,"column":59}},"8":{"start":{"line":15,"column":29},"end":{"line":15,"column":59}},"9":{"start":{"line":17,"column":16},"end":{"line":24,"column":1}},"10":{"start":{"line":18,"column":2},"end":{"line":21,"column":3}},"11":{"start":{"line":19,"column":17},"end":{"line":19,"column":73}},"12":{"start":{"line":20,"column":4},"end":{"line":20,"column":16}},"13":{"start":{"line":22,"column":2},"end":{"line":22,"column":63}},"14":{"start":{"line":23,"column":2},"end":{"line":23,"column":14}}},"fnMap":{"0":{"name":"(anonymous_0)","decl":{"start":{"line":3,"column":20},"end":{"line":3,"column":21}},"loc":{"start":{"line":3,"column":30},"end":{"line":11,"column":1}},"line":3},"1":{"name":"(anonymous_1)","decl":{"start":{"line":13,"column":20},"end":{"line":13,"column":21}},"loc":{"start":{"line":13,"column":30},"end":{"line":13,"column":72}},"line":13},"2":{"name":"(anonymous_2)","decl":{"start":{"line":15,"column":19},"end":{"line":15,"column":20}},"loc":{"start":{"line":15,"column":29},"end":{"line":15,"column":59}},"line":15},"3":{"name":"(anonymous_3)","decl":{"start":{"line":17,"column":16},"end":{"line":17,"column":17}},"loc":{"start":{"line":17,"column":43},"end":{"line":24,"column":1}},"line":17}},"branchMap":{"0":{"loc":{"start":{"line":17,"column":23},"end":{"line":17,"column":38}},"type":"default-arg","locations":[{"start":{"line":17,"column":32},"end":{"line":17,"column":38}}],"line":17},"1":{"loc":{"start":{"line":18,"column":2},"end":{"line":21,"column":3}},"type":"if","locations":[{"start":{"line":18,"column":2},"end":{"line":21,"column":3}},{"start":{},"end":{}}],"line":18},"2":{"loc":{"start":{"line":19,"column":17},"end":{"line":19,"column":73}},"type":"cond-expr","locations":[{"start":{"line":19,"column":37},"end":{"line":19,"column":54}},{"start":{"line":19,"column":57},"end":{"line":19,"column":73}}],"line":19}},"s":{"0":1,"1":4,"2":4,"3":4,"4":0,"5":1,"6":4,"7":1,"8":0,"9":1,"10":4,"11":4,"12":4,"13":0,"14":0},"f":{"0":4,"1":4,"2":0,"3":4},"b":{"0":[4],"1":[4,0],"2":[4,0]},"_coverageSchema":"1a1c01bbd47fc00a2c39e90264f33305004495a9","hash":"ddfe2b8144df6f4eada5a174184bc9a4919115de"}
,"/Users/molotov_air/development/web/sp/src/getDiff.js": {"path":"/Users/molotov_air/development/web/sp/src/getDiff.js","statementMap":{"0":{"start":{"line":3,"column":16},"end":{"line":49,"column":1}},"1":{"start":{"line":4,"column":25},"end":{"line":4,"column":65}},"2":{"start":{"line":5,"column":21},"end":{"line":5,"column":49}},"3":{"start":{"line":6,"column":2},"end":{"line":8,"column":3}},"4":{"start":{"line":7,"column":4},"end":{"line":7,"column":17}},"5":{"start":{"line":9,"column":15},"end":{"line":9,"column":18}},"6":{"start":{"line":11,"column":2},"end":{"line":24,"column":5}},"7":{"start":{"line":12,"column":19},"end":{"line":12,"column":29}},"8":{"start":{"line":13,"column":19},"end":{"line":13,"column":29}},"9":{"start":{"line":15,"column":4},"end":{"line":23,"column":5}},"10":{"start":{"line":16,"column":6},"end":{"line":16,"column":26}},"11":{"start":{"line":17,"column":11},"end":{"line":23,"column":5}},"12":{"start":{"line":18,"column":6},"end":{"line":18,"column":26}},"13":{"start":{"line":19,"column":11},"end":{"line":23,"column":5}},"14":{"start":{"line":20,"column":6},"end":{"line":20,"column":28}},"15":{"start":{"line":22,"column":6},"end":{"line":22,"column":28}},"16":{"start":{"line":26,"column":17},"end":{"line":26,"column":19}},"17":{"start":{"line":28,"column":2},"end":{"line":46,"column":5}},"18":{"start":{"line":29,"column":4},"end":{"line":45,"column":5}},"19":{"start":{"line":31,"column":8},"end":{"line":31,"column":47}},"20":{"start":{"line":32,"column":8},"end":{"line":32,"column":14}},"21":{"start":{"line":34,"column":8},"end":{"line":34,"column":47}},"22":{"start":{"line":35,"column":8},"end":{"line":35,"column":14}},"23":{"start":{"line":37,"column":8},"end":{"line":37,"column":47}},"24":{"start":{"line":38,"column":8},"end":{"line":38,"column":14}},"25":{"start":{"line":40,"column":8},"end":{"line":40,"column":47}},"26":{"start":{"line":41,"column":8},"end":{"line":41,"column":47}},"27":{"start":{"line":42,"column":8},"end":{"line":42,"column":14}},"28":{"start":{"line":44,"column":8},"end":{"line":44,"column":27}},"29":{"start":{"line":48,"column":2},"end":{"line":48,"column":44}}},"fnMap":{"0":{"name":"(anonymous_0)","decl":{"start":{"line":3,"column":16},"end":{"line":3,"column":17}},"loc":{"start":{"line":3,"column":34},"end":{"line":49,"column":1}},"line":3},"1":{"name":"(anonymous_1)","decl":{"start":{"line":11,"column":21},"end":{"line":11,"column":22}},"loc":{"start":{"line":11,"column":30},"end":{"line":24,"column":3}},"line":11},"2":{"name":"(anonymous_2)","decl":{"start":{"line":28,"column":21},"end":{"line":28,"column":22}},"loc":{"start":{"line":28,"column":30},"end":{"line":46,"column":3}},"line":28}},"branchMap":{"0":{"loc":{"start":{"line":6,"column":2},"end":{"line":8,"column":3}},"type":"if","locations":[{"start":{"line":6,"column":2},"end":{"line":8,"column":3}},{"start":{},"end":{}}],"line":6},"1":{"loc":{"start":{"line":15,"column":4},"end":{"line":23,"column":5}},"type":"if","locations":[{"start":{"line":15,"column":4},"end":{"line":23,"column":5}},{"start":{"line":17,"column":11},"end":{"line":23,"column":5}}],"line":15},"2":{"loc":{"start":{"line":17,"column":11},"end":{"line":23,"column":5}},"type":"if","locations":[{"start":{"line":17,"column":11},"end":{"line":23,"column":5}},{"start":{"line":19,"column":11},"end":{"line":23,"column":5}}],"line":17},"3":{"loc":{"start":{"line":19,"column":11},"end":{"line":23,"column":5}},"type":"if","locations":[{"start":{"line":19,"column":11},"end":{"line":23,"column":5}},{"start":{"line":21,"column":11},"end":{"line":23,"column":5}}],"line":19},"4":{"loc":{"start":{"line":29,"column":4},"end":{"line":45,"column":5}},"type":"switch","locations":[{"start":{"line":30,"column":6},"end":{"line":32,"column":14}},{"start":{"line":33,"column":6},"end":{"line":35,"column":14}},{"start":{"line":36,"column":6},"end":{"line":38,"column":14}},{"start":{"line":39,"column":6},"end":{"line":42,"column":14}},{"start":{"line":43,"column":6},"end":{"line":44,"column":27}}],"line":29}},"s":{"0":1,"1":2,"2":2,"3":2,"4":1,"5":1,"6":1,"7":5,"8":5,"9":5,"10":1,"11":4,"12":1,"13":3,"14":2,"15":1,"16":1,"17":1,"18":5,"19":1,"20":1,"21":2,"22":2,"23":1,"24":1,"25":1,"26":1,"27":1,"28":0,"29":1},"f":{"0":2,"1":5,"2":5},"b":{"0":[1,1],"1":[1,4],"2":[1,3],"3":[2,1],"4":[1,2,1,1,0]},"_coverageSchema":"1a1c01bbd47fc00a2c39e90264f33305004495a9","hash":"54d80831f07895d7554c2ed5862bd89a74e69059"}
}
