TN:
SF:__fixtures__/expected.js
FNF:0
FNH:0
DA:1,1
DA:10,1
LF:2
LH:2
BRF:0
BRH:0
end_of_record
TN:
SF:src/getData.js
FN:3,(anonymous_0)
FN:13,(anonymous_1)
FN:15,(anonymous_2)
FN:17,(anonymous_3)
FNF:4
FNH:3
FNDA:4,(anonymous_0)
FNDA:4,(anonymous_1)
FNDA:0,(anonymous_2)
FNDA:4,(anonymous_3)
DA:3,1
DA:5,4
DA:6,4
DA:7,4
DA:9,0
DA:13,4
DA:15,1
DA:17,1
DA:18,4
DA:19,4
DA:20,4
DA:22,0
DA:23,0
LF:13
LH:10
BRDA:17,0,0,4
BRDA:18,1,0,4
BRDA:18,1,1,0
BRDA:19,2,0,4
BRDA:19,2,1,0
BRF:5
BRH:3
end_of_record
TN:
SF:src/getDiff.js
FN:3,(anonymous_0)
FN:11,(anonymous_1)
FN:28,(anonymous_2)
FNF:3
FNH:3
FNDA:2,(anonymous_0)
FNDA:5,(anonymous_1)
FNDA:5,(anonymous_2)
DA:3,1
DA:4,2
DA:5,2
DA:6,2
DA:7,1
DA:9,1
DA:11,1
DA:12,5
DA:13,5
DA:15,5
DA:16,1
DA:17,4
DA:18,1
DA:19,3
DA:20,2
DA:22,1
DA:26,1
DA:28,1
DA:29,5
DA:31,1
DA:32,1
DA:34,2
DA:35,2
DA:37,1
DA:38,1
DA:40,1
DA:41,1
DA:42,1
DA:44,0
DA:48,1
LF:30
LH:29
BRDA:6,0,0,1
BRDA:6,0,1,1
BRDA:15,1,0,1
BRDA:15,1,1,4
BRDA:17,2,0,1
BRDA:17,2,1,3
BRDA:19,3,0,2
BRDA:19,3,1,1
BRDA:29,4,0,1
BRDA:29,4,1,2
BRDA:29,4,2,1
BRDA:29,4,3,1
BRDA:29,4,4,0
BRF:13
BRH:12
end_of_record
